[0m12:32:11.847552 [debug] [MainThread]: Sending event: {'category': 'dbt', 'action': 'invocation', 'label': 'start', 'context': [<snowplow_tracker.self_describing_json.SelfDescribingJson object at 0x000001EAA4BE32D0>, <snowplow_tracker.self_describing_json.SelfDescribingJson object at 0x000001EAA4B67C90>, <snowplow_tracker.self_describing_json.SelfDescribingJson object at 0x000001EAA4A6A550>]}


============================== 12:32:11.882006 | c2caceb1-4ebb-4e09-a9d2-e23e71b9c19c ==============================
[0m12:32:11.882006 [info ] [MainThread]: Running with dbt=1.11.11
[0m12:32:11.882998 [debug] [MainThread]: running dbt with arguments {'static_parser': 'True', 'no_print': 'None', 'version_check': 'True', 'warn_error_options': 'WarnErrorOptionsV2(error=[], warn=[], silence=[])', 'target_path': 'None', 'printer_width': '80', 'write_json': 'True', 'introspect': 'True', 'log_cache_events': 'False', 'empty': 'None', 'cache_selected_only': 'False', 'log_format': 'default', 'debug': 'False', 'fail_fast': 'False', 'profiles_dir': 'C:\\Users\\MOBPC\\.dbt', 'send_anonymous_usage_stats': 'True', 'quiet': 'False', 'warn_error': 'None', 'partial_parse': 'True', 'invocation_command': 'dbt init my_dbt_project_practice', 'use_colors': 'True', 'indirect_selection': 'eager', 'use_experimental_parser': 'False', 'log_path': 'logs'}
[0m12:32:12.094914 [info ] [MainThread]: Creating dbt configuration folder at C:\Users\MOBPC\.dbt
[0m12:32:12.097666 [debug] [MainThread]: Starter project path: C:\Users\MOBPC\Desktop\dbt-practice\.venv\Lib\site-packages\dbt\include\starter_project
[0m12:32:12.119080 [info ] [MainThread]: 
Your new dbt project "my_dbt_project_practice" was created!

For more information on how to configure the profiles.yml file,
please consult the dbt documentation here:

  https://docs.getdbt.com/docs/configure-your-profile

One more thing:

Need help? Don't hesitate to reach out to us via GitHub issues or on Slack:

  https://community.getdbt.com/

Happy modeling!

[0m12:32:12.120080 [info ] [MainThread]: Setting up your profile.
[0m12:40:02.350834 [info ] [MainThread]: Profile my_dbt_project_practice written to C:\Users\MOBPC\.dbt\profiles.yml using target's profile_template.yml and your supplied values. Run 'dbt debug' to validate the connection.
[0m12:40:02.352840 [debug] [MainThread]: Command `dbt init` succeeded at 12:40:02.352840 after 470.57 seconds
[0m12:40:02.352840 [debug] [MainThread]: Sending event: {'category': 'dbt', 'action': 'invocation', 'label': 'end', 'context': [<snowplow_tracker.self_describing_json.SelfDescribingJson object at 0x000001EAA253B010>, <snowplow_tracker.self_describing_json.SelfDescribingJson object at 0x000001EA9CC89350>, <snowplow_tracker.self_describing_json.SelfDescribingJson object at 0x000001EA9CC892D0>]}
[0m12:40:02.354348 [debug] [MainThread]: Flushing usage events
[0m12:40:02.635372 [debug] [MainThread]: An error was encountered while trying to flush usage events
